src//Users/runcelka/T02D02-0/src/text.txt - abcd
src/text.txt - abcd
src/text.txt - abcd
src/src/text.txt - abcd
src//Users/runcelka/T02D02-0/src/text.txt - abcd
src/text.txt -49
src/text.txt -49
src/text.txt -49 -
src/text.txt -49 -  
src/text.txt - 49 -  
src/text.txt - 49 -  
src/text.txt - 49 -  
src/text.txt - 49 -  
src/text.txt - 49 - 2023-03-07 
src/text.txt - 49 - 2023-03-07 - 15:44 
src/text.txt - 49 - 2023-03-07  15:47 - 58fdc329c090ce498f63a8a04f18c62488fb0648aba46dd177c573ed7dc2386e  text.txt
src/text.txt - 49 - 2023-03-07  15:50 - 58fdc329c090ce498f63a8a04f18c62488fb0648aba46dd177c573ed7dc2386e
src/text.txt - 49 - 2023-03-07  15:51 - 58fdc329c090ce498f63a8a04f18c62488fb0648aba46dd177c573ed7dc2386e - sha256
src/text.txt - 49 - 2023-03-07 16:05 - 58fdc329c090ce498f63a8a04f18c62488fb0648aba46dd177c573ed7dc2386e - sha256
src/text.txt - 49 - 2023-03-07 16:06 - 58fdc329c090ce498f63a8a04f18c62488fb0648aba46dd177c573ed7dc2386e - sha256
src/text.txt - 49 - 2023-03-07 16:11 - 58fdc329c090ce498f63a8a04f18c62488fb0648aba46dd177c573ed7dc2386e - sha256
src/text.txt - 49 - 2023-03-07 16:19 - 58fdc329c090ce498f63a8a04f18c62488fb0648aba46dd177c573ed7dc2386e - sha256
src/text.txt - 49 - 2023-03-07 16:23 - 58fdc329c090ce498f63a8a04f18c62488fb0648aba46dd177c573ed7dc2386e - sha256
src/text.txt - 49 - 2023-03-07 16:24 - 58fdc329c090ce498f63a8a04f18c62488fb0648aba46dd177c573ed7dc2386e - sha256
